2022-09-28 15:05:24,675 [WARNING ] [Errno 2] No such file or directory: 'Xoodyak/Xoodyak_R3_first_order/crypto_aead'
candidates_dir=Xoodyak/Xoodyak_R3_first_order does not have a crypto_aead/['ref', 'aadomn/opt32'] sub directory!

2022-09-28 15:05:24,675 [WARNING ] [Errno 2] No such file or directory: 'Xoodyak/Xoodyak_R3_first_order/crypto_hash'
candidates_dir=Xoodyak/Xoodyak_R3_first_order does not have a crypto_hash/['ref', 'aadomn/opt32'] sub directory!

2022-09-28 18:04:46,911 [WARNING ] [Errno 2] No such file or directory: 'Elephant/Elephant_first_order/crypto_aead'
candidates_dir=Elephant/Elephant_first_order does not have a crypto_aead/['ref', 'aadomn/opt32'] sub directory!

2022-09-28 18:04:46,911 [WARNING ] [Errno 2] No such file or directory: 'Elephant/Elephant_first_order/crypto_hash'
candidates_dir=Elephant/Elephant_first_order does not have a crypto_hash/['ref', 'aadomn/opt32'] sub directory!

2022-09-28 18:05:24,957 [WARNING ] [Errno 2] No such file or directory: 'Elephant/Elephant_first_order/cref/crypto_aead'
candidates_dir=Elephant/Elephant_first_order/cref does not have a crypto_aead/['ref', 'aadomn/opt32'] sub directory!

2022-09-28 18:05:24,957 [WARNING ] [Errno 2] No such file or directory: 'Elephant/Elephant_first_order/cref/crypto_hash'
candidates_dir=Elephant/Elephant_first_order/cref does not have a crypto_hash/['ref', 'aadomn/opt32'] sub directory!

2022-09-28 18:05:48,271 [WARNING ] [Errno 2] No such file or directory: 'Elephant/Elephant_first_order/cref/crypto_hash'
candidates_dir=Elephant/Elephant_first_order/cref does not have a crypto_hash/['ref', 'aadomn/opt32'] sub directory!

2022-09-28 18:06:54,814 [WARNING ] [Errno 2] No such file or directory: 'Elephant/Elephant_first_order/crypto_aead'
candidates_dir=Elephant/Elephant_first_order does not have a crypto_aead/['ref', 'aadomn/opt32'] sub directory!

2022-09-28 18:06:54,814 [WARNING ] [Errno 2] No such file or directory: 'Elephant/Elephant_first_order/crypto_hash'
candidates_dir=Elephant/Elephant_first_order does not have a crypto_hash/['ref', 'aadomn/opt32'] sub directory!

2022-09-28 18:07:19,307 [WARNING ] [Errno 2] No such file or directory: 'Elephant/Elephant_first_order/crypto_aead'
candidates_dir=Elephant/Elephant_first_order does not have a crypto_aead/['ref', 'aadomn/opt32'] sub directory!

2022-09-28 18:07:19,307 [WARNING ] [Errno 2] No such file or directory: 'Elephant/Elephant_first_order/crypto_hash'
candidates_dir=Elephant/Elephant_first_order does not have a crypto_hash/['ref', 'aadomn/opt32'] sub directory!

2022-09-28 18:07:58,215 [WARNING ] [Errno 2] No such file or directory: 'Xoodyak/Xoodyak_R3_first_order/crypto_aead'
candidates_dir=Xoodyak/Xoodyak_R3_first_order does not have a crypto_aead/['ref', 'aadomn/opt32'] sub directory!

2022-09-28 18:07:58,215 [WARNING ] [Errno 2] No such file or directory: 'Xoodyak/Xoodyak_R3_first_order/crypto_hash'
candidates_dir=Xoodyak/Xoodyak_R3_first_order does not have a crypto_hash/['ref', 'aadomn/opt32'] sub directory!

2022-09-28 18:18:39,957 [WARNING ] [Errno 2] No such file or directory: 'Elephant/Elephant_first_order/crypto_aead'
candidates_dir=Elephant/Elephant_first_order does not have a crypto_aead/['ref', 'aadomn/opt32'] sub directory!

2022-09-28 18:18:39,957 [WARNING ] [Errno 2] No such file or directory: 'Elephant/Elephant_first_order/crypto_hash'
candidates_dir=Elephant/Elephant_first_order does not have a crypto_hash/['ref', 'aadomn/opt32'] sub directory!

2022-09-28 18:18:42,766 [WARNING ] [Errno 2] No such file or directory: 'Elephant/Elephant_first_order/cref/crypto_hash'
candidates_dir=Elephant/Elephant_first_order/cref does not have a crypto_hash/['ref', 'aadomn/opt32'] sub directory!

2022-09-28 18:54:20,205 [WARNING ] [Errno 2] No such file or directory: 'GIFT-COFB/GIFT-COFB_first_order/cref/crypto_hash'
candidates_dir=GIFT-COFB/GIFT-COFB_first_order/cref does not have a crypto_hash/['ref', 'aadomn/opt32'] sub directory!

2022-09-29 17:40:10,789 [INFO    ] Trying to determine the latest version of SUPERCOP from https://bench.cr.yp.to/supercop.html...
2022-09-29 17:40:10,790 [INFO    ] Last-Modified timestamp from server: Sun, 19 Jun 2022 08:03:48 GMT
2022-09-29 17:40:10,790 [INFO    ] Latest version of SUPERCOP seems to be 20220506 available from https://bench.cr.yp.to/supercop/supercop-20220506.tar.xz
2022-09-29 17:40:10,790 [WARNING ] Using already cached version of supercop at /home/luke/.cryptotvgen/cache/supercop-20220506.tar.xz
2022-09-29 17:40:10,792 [INFO    ] decompressing archive and determining the list of files to extract...
2022-09-29 17:40:14,537 [INFO    ] extracting files...
2022-09-29 17:40:15,431 [INFO    ] extraction complete
2022-09-29 17:40:15,732 [INFO    ] moved sources to cryptotvgen data dir
2022-09-29 17:40:15,732 [INFO    ] building only the following variants: []
2022-09-29 17:54:45,324 [INFO    ] Trying to determine the latest version of SUPERCOP from https://bench.cr.yp.to/supercop.html...
2022-09-29 17:54:45,325 [INFO    ] Last-Modified timestamp from server: Sun, 19 Jun 2022 08:03:48 GMT
2022-09-29 17:54:45,325 [INFO    ] Latest version of SUPERCOP seems to be 20220506 available from https://bench.cr.yp.to/supercop/supercop-20220506.tar.xz
2022-09-29 17:54:45,325 [WARNING ] Using already cached version of supercop at /home/luke/.cryptotvgen/cache/supercop-20220506.tar.xz
2022-09-29 17:54:45,326 [INFO    ] decompressing archive and determining the list of files to extract...
2022-09-29 17:54:48,988 [INFO    ] extracting files...
2022-09-29 17:54:49,882 [INFO    ] extraction complete
2022-09-29 17:54:50,100 [INFO    ] moved sources to cryptotvgen data dir
2022-09-29 17:54:50,100 [INFO    ] building only the following variants: []
2022-09-29 17:55:25,885 [INFO    ] Trying to determine the latest version of SUPERCOP from https://bench.cr.yp.to/supercop.html...
2022-09-29 17:55:25,885 [INFO    ] Last-Modified timestamp from server: Sun, 19 Jun 2022 08:03:48 GMT
2022-09-29 17:55:25,885 [INFO    ] Latest version of SUPERCOP seems to be 20220506 available from https://bench.cr.yp.to/supercop/supercop-20220506.tar.xz
2022-09-29 17:55:25,886 [WARNING ] Using already cached version of supercop at /home/luke/.cryptotvgen/cache/supercop-20220506.tar.xz
2022-09-29 17:55:25,887 [INFO    ] decompressing archive and determining the list of files to extract...
2022-09-29 17:55:44,827 [WARNING ] [Errno 2] No such file or directory: 'Isap/Isapa_first_order/cref/crypto_hash'
candidates_dir=Isap/Isapa_first_order/cref does not have a crypto_hash/['ref', 'aadomn/opt32'] sub directory!

2022-09-29 17:55:44,979 [CRITICAL] `make -f /home/luke/.cryptotvgen/lwc_cffi.mk CRYPTO_VARIANT=isapxv20 CRYPTO_TYPE=aead CANDIDATE_PATH=. IMPL_SRC_DIR=ref` failed! (exit code: 2)
2022-09-29 18:05:04,665 [WARNING ] [Errno 2] No such file or directory: 'Isap/Isapa_first_order/cref/crypto_hash'
candidates_dir=Isap/Isapa_first_order/cref does not have a crypto_hash/['ref', 'aadomn/opt32'] sub directory!

2022-09-29 18:05:04,865 [CRITICAL] `make -f /home/luke/.cryptotvgen/lwc_cffi.mk CRYPTO_VARIANT=isapxv20 CRYPTO_TYPE=aead CANDIDATE_PATH=. IMPL_SRC_DIR=ref` failed! (exit code: 2)
2022-09-29 19:26:52,731 [WARNING ] [Errno 2] No such file or directory: 'SPARKLE/SPARKLE_first_order/crypto_aead'
candidates_dir=SPARKLE/SPARKLE_first_order does not have a crypto_aead/['ref', 'aadomn/opt32'] sub directory!

2022-09-29 19:26:52,731 [WARNING ] [Errno 2] No such file or directory: 'SPARKLE/SPARKLE_first_order/crypto_hash'
candidates_dir=SPARKLE/SPARKLE_first_order does not have a crypto_hash/['ref', 'aadomn/opt32'] sub directory!

2022-09-29 19:37:22,512 [WARNING ] [Errno 2] No such file or directory: 'SPARKLE/SPARKLE_first_order/crypto_aead'
candidates_dir=SPARKLE/SPARKLE_first_order does not have a crypto_aead/['ref', 'aadomn/opt32'] sub directory!

2022-09-29 19:37:22,512 [WARNING ] [Errno 2] No such file or directory: 'SPARKLE/SPARKLE_first_order/crypto_hash'
candidates_dir=SPARKLE/SPARKLE_first_order does not have a crypto_hash/['ref', 'aadomn/opt32'] sub directory!

2022-09-29 20:20:39,785 [WARNING ] [Errno 2] No such file or directory: 'Romulus/Romulusn_first_order/cref/crypto_hash'
candidates_dir=Romulus/Romulusn_first_order/cref does not have a crypto_hash/['ref', 'aadomn/opt32'] sub directory!

2022-09-29 20:21:51,876 [WARNING ] [Errno 2] No such file or directory: 'Isap/Isapa_first_order/cref/crypto_hash'
candidates_dir=Isap/Isapa_first_order/cref does not have a crypto_hash/['ref', 'aadomn/opt32'] sub directory!

2022-09-29 20:21:52,090 [CRITICAL] `make -f /home/luke/.cryptotvgen/lwc_cffi.mk CRYPTO_VARIANT=isapxv20 CRYPTO_TYPE=aead CANDIDATE_PATH=. IMPL_SRC_DIR=ref` failed! (exit code: 2)
2022-09-30 09:44:53,037 [INFO    ] Trying to determine the latest version of SUPERCOP from https://bench.cr.yp.to/supercop.html...
2022-09-30 09:44:53,037 [INFO    ] Last-Modified timestamp from server: Sun, 19 Jun 2022 08:03:48 GMT
2022-09-30 09:44:53,038 [INFO    ] Latest version of SUPERCOP seems to be 20220506 available from https://bench.cr.yp.to/supercop/supercop-20220506.tar.xz
2022-09-30 09:44:53,038 [WARNING ] Using already cached version of supercop at /home/luke/.cryptotvgen/cache/supercop-20220506.tar.xz
2022-09-30 09:44:53,040 [INFO    ] decompressing archive and determining the list of files to extract...
2022-09-30 09:45:06,880 [INFO    ] Trying to determine the latest version of SUPERCOP from https://bench.cr.yp.to/supercop.html...
2022-09-30 09:45:06,880 [INFO    ] Last-Modified timestamp from server: Sun, 19 Jun 2022 08:03:48 GMT
2022-09-30 09:45:06,881 [INFO    ] Latest version of SUPERCOP seems to be 20220506 available from https://bench.cr.yp.to/supercop/supercop-20220506.tar.xz
2022-09-30 09:45:06,881 [WARNING ] Using already cached version of supercop at /home/luke/.cryptotvgen/cache/supercop-20220506.tar.xz
2022-09-30 09:45:06,882 [INFO    ] decompressing archive and determining the list of files to extract...
2022-09-30 09:45:10,549 [INFO    ] extracting files...
2022-09-30 09:45:11,446 [INFO    ] extraction complete
2022-09-30 09:45:11,747 [INFO    ] moved sources to cryptotvgen data dir
2022-09-30 09:45:11,747 [INFO    ] building only the following variants: []
2022-09-30 09:45:28,389 [WARNING ] [Errno 2] No such file or directory: 'Isap/Isapa_first_order/cref/crypto_hash'
candidates_dir=Isap/Isapa_first_order/cref does not have a crypto_hash/['ref', 'aadomn/opt32'] sub directory!

2022-09-30 09:45:28,443 [CRITICAL] `make -f /home/luke/.cryptotvgen/lwc_cffi.mk CRYPTO_VARIANT=isapxv20 CRYPTO_TYPE=aead CANDIDATE_PATH=. IMPL_SRC_DIR=ref` failed! (exit code: 2)
2022-09-30 12:50:43,212 [WARNING ] [Errno 2] No such file or directory: 'Isap/crypto_aead'
candidates_dir=Isap does not have a crypto_aead/['ref', 'aadomn/opt32'] sub directory!

2022-09-30 12:50:43,212 [WARNING ] [Errno 2] No such file or directory: 'Isap/crypto_hash'
candidates_dir=Isap does not have a crypto_hash/['ref', 'aadomn/opt32'] sub directory!

2022-09-30 12:50:53,277 [WARNING ] [Errno 2] No such file or directory: 'Isap/Isapa_first_order/cref/crypto_hash'
candidates_dir=Isap/Isapa_first_order/cref does not have a crypto_hash/['ref', 'aadomn/opt32'] sub directory!

2022-09-30 12:50:53,442 [CRITICAL] `make -f /home/luke/.cryptotvgen/lwc_cffi.mk CRYPTO_VARIANT=isapxv20 CRYPTO_TYPE=aead CANDIDATE_PATH=. IMPL_SRC_DIR=ref` failed! (exit code: 2)
2022-09-30 12:54:22,084 [WARNING ] [Errno 2] No such file or directory: 'Isap/Isapa_first_order/cref/crypto_hash'
candidates_dir=Isap/Isapa_first_order/cref does not have a crypto_hash/['ref', 'aadomn/opt32'] sub directory!

2022-09-30 12:54:22,288 [CRITICAL] `make -f /home/luke/.cryptotvgen/lwc_cffi.mk CRYPTO_VARIANT=isapxv20 CRYPTO_TYPE=aead CANDIDATE_PATH=. IMPL_SRC_DIR=ref` failed! (exit code: 2)
2022-09-30 12:55:42,004 [WARNING ] [Errno 2] No such file or directory: 'Isap/Isapa_first_order/cref/crypto_hash'
candidates_dir=Isap/Isapa_first_order/cref does not have a crypto_hash/['ref', 'aadomn/opt32'] sub directory!

